c:\users\chase\source\repos\3drenderingcore\3drenderingcore\release\3drenderingcore.pch
c:\users\chase\source\repos\3drenderingcore\3drenderingcore\release\3drenderingcore.pdb
c:\users\chase\source\repos\3drenderingcore\3drenderingcore\release\pch.obj
c:\users\chase\source\repos\3drenderingcore\3drenderingcore\release\visualtransform.obj
c:\users\chase\source\repos\3drenderingcore\3drenderingcore\release\vector3d.obj
c:\users\chase\source\repos\3drenderingcore\3drenderingcore\release\vector2d.obj
c:\users\chase\source\repos\3drenderingcore\3drenderingcore\release\screen.obj
c:\users\chase\source\repos\3drenderingcore\3drenderingcore\release\renderwindow.obj
c:\users\chase\source\repos\3drenderingcore\3drenderingcore\release\objectwriter.obj
c:\users\chase\source\repos\3drenderingcore\3drenderingcore\release\objectreader.obj
c:\users\chase\source\repos\3drenderingcore\3drenderingcore\release\movementhandling.obj
c:\users\chase\source\repos\3drenderingcore\3drenderingcore\release\modeleditor.obj
c:\users\chase\source\repos\3drenderingcore\3drenderingcore\release\globalstates.obj
c:\users\chase\source\repos\3drenderingcore\3drenderingcore\release\frustumclipping.obj
c:\users\chase\source\repos\3drenderingcore\3drenderingcore\release\errorcallback.obj
c:\users\chase\source\repos\3drenderingcore\3drenderingcore\release\dllmain.obj
c:\users\chase\source\repos\3drenderingcore\3drenderingcore\release\cshape.obj
c:\users\chase\source\repos\3drenderingcore\3drenderingcore\release\crender.obj
c:\users\chase\source\repos\3drenderingcore\3drenderingcore\release\commandhandler.obj
c:\users\chase\source\repos\3drenderingcore\3drenderingcore\release\camera.obj
c:\users\chase\source\repos\3drenderingcore\release\3drenderingcore.lib
c:\users\chase\source\repos\3drenderingcore\3drenderingcore\release\3drenderingcore.pchast
c:\users\chase\source\repos\3drenderingcore\3drenderingcore\release\camera.nativecodeanalysis.xml
c:\users\chase\source\repos\3drenderingcore\3drenderingcore\release\commandhandler.nativecodeanalysis.xml
c:\users\chase\source\repos\3drenderingcore\3drenderingcore\release\crender.nativecodeanalysis.xml
c:\users\chase\source\repos\3drenderingcore\3drenderingcore\release\cshape.nativecodeanalysis.xml
c:\users\chase\source\repos\3drenderingcore\3drenderingcore\release\dllmain.nativecodeanalysis.xml
c:\users\chase\source\repos\3drenderingcore\3drenderingcore\release\errorcallback.nativecodeanalysis.xml
c:\users\chase\source\repos\3drenderingcore\3drenderingcore\release\frustumclipping.nativecodeanalysis.xml
c:\users\chase\source\repos\3drenderingcore\3drenderingcore\release\globalstates.nativecodeanalysis.xml
c:\users\chase\source\repos\3drenderingcore\3drenderingcore\release\modeleditor.nativecodeanalysis.xml
c:\users\chase\source\repos\3drenderingcore\3drenderingcore\release\movementhandling.nativecodeanalysis.xml
c:\users\chase\source\repos\3drenderingcore\3drenderingcore\release\objectreader.nativecodeanalysis.xml
c:\users\chase\source\repos\3drenderingcore\3drenderingcore\release\objectwriter.nativecodeanalysis.xml
c:\users\chase\source\repos\3drenderingcore\3drenderingcore\release\pch.nativecodeanalysis.xml
c:\users\chase\source\repos\3drenderingcore\3drenderingcore\release\renderwindow.nativecodeanalysis.xml
c:\users\chase\source\repos\3drenderingcore\3drenderingcore\release\screen.nativecodeanalysis.xml
c:\users\chase\source\repos\3drenderingcore\3drenderingcore\release\vc.nativecodeanalysis.all.xml
c:\users\chase\source\repos\3drenderingcore\3drenderingcore\release\vector2d.nativecodeanalysis.xml
c:\users\chase\source\repos\3drenderingcore\3drenderingcore\release\vector3d.nativecodeanalysis.xml
c:\users\chase\source\repos\3drenderingcore\3drenderingcore\release\visualtransform.nativecodeanalysis.xml
c:\users\chase\source\repos\3drenderingcore\3drenderingcore\release\3drenderingcore.tlog\cl.command.1.tlog
c:\users\chase\source\repos\3drenderingcore\3drenderingcore\release\3drenderingcore.tlog\cl.read.1.tlog
c:\users\chase\source\repos\3drenderingcore\3drenderingcore\release\3drenderingcore.tlog\cl.write.1.tlog
c:\users\chase\source\repos\3drenderingcore\3drenderingcore\release\3drenderingcore.tlog\lib-link.read.1.tlog
c:\users\chase\source\repos\3drenderingcore\3drenderingcore\release\3drenderingcore.tlog\lib-link.write.1.tlog
c:\users\chase\source\repos\3drenderingcore\3drenderingcore\release\3drenderingcore.tlog\lib.command.1.tlog
